\BOOKMARK [0][-]{Title page.0}{Title\040page}{}% 1
\BOOKMARK [0][-]{Bibliograficky zaznam.0}{Bibliografick\375\040z\341znam}{}% 2
\BOOKMARK [0][-]{Bibliographic Entry.0}{Bibliographic\040Entry}{}% 3
\BOOKMARK [0][-]{Abstrakt.0}{Abstrakt}{}% 4
\BOOKMARK [0][-]{Abstract.0}{Abstract}{}% 5
\BOOKMARK [0][-]{Oficialni zadani.0}{Ofici\341ln\355\040zad\341n\355}{}% 6
\BOOKMARK [0][-]{Podekovani.0}{\376\377\000P\000o\000d\001\033\000k\000o\000v\000\341\000n\000\355}{}% 7
\BOOKMARK [0][-]{Prohlaseni.0}{Prohl\341\235en\355}{}% 8
\BOOKMARK [0][-]{Contents.0}{Contents}{}% 9
\BOOKMARK [0][-]{chapter*.2}{List\040of\040Figures}{}% 10
\BOOKMARK [0][-]{chapter*.2}{List\040of\040Tables}{}% 11
\BOOKMARK [0][-]{chapter*.3}{List\040of\040Abbreviations}{}% 12
\BOOKMARK [0][-]{chapter*.4}{Introduction}{}% 13
\BOOKMARK [0][-]{chapter.1}{Theoretical\040background}{}% 14
\BOOKMARK [1][-]{section.1.1}{Transcription\040factor\040binding}{chapter.1}% 15
\BOOKMARK [2][-]{subsection.1.1.1}{Transcription\040factors\040and\040DNA\040binding}{section.1.1}% 16
\BOOKMARK [2][-]{subsection.1.1.2}{Sequence\040determinants\040of\040binding}{section.1.1}% 17
\BOOKMARK [2][-]{subsection.1.1.3}{The\040specificity\040paradox}{section.1.1}% 18
\BOOKMARK [1][-]{section.1.2}{Next-generation\040sequencing\040and\040ChIP-seq}{chapter.1}% 19
\BOOKMARK [2][-]{subsection.1.2.1}{Short-read\040sequencing}{section.1.2}% 20
\BOOKMARK [2][-]{subsection.1.2.2}{Chromatin\040immunoprecipitation\040sequencing}{section.1.2}% 21
\BOOKMARK [2][-]{subsection.1.2.3}{Read\040alignment\040and\040peak\040calling}{section.1.2}% 22
\BOOKMARK [2][-]{subsection.1.2.4}{Reproducibility\040filtering\040and\040the\040ENCODE\040project}{section.1.2}% 23
\BOOKMARK [2][-]{subsection.1.2.5}{Long-range\040sequence\040context\040around\040binding\040sites}{section.1.2}% 24
\BOOKMARK [1][-]{section.1.3}{Computational\040approaches\040to\040TF\040binding\040site\040analysis}{chapter.1}% 25
\BOOKMARK [2][-]{subsection.1.3.1}{Position\040weight\040matrices}{section.1.3}% 26
\BOOKMARK [2][-]{subsection.1.3.2}{Motif\040discovery\040and\040enrichment\040analysis}{section.1.3}% 27
\BOOKMARK [2][-]{subsection.1.3.3}{Extensions\040beyond\040the\040independence\040model}{section.1.3}% 28
\BOOKMARK [2][-]{subsection.1.3.4}{The\040kilobase-scale\040context\040gap}{section.1.3}% 29
\BOOKMARK [1][-]{section.1.4}{Genomic\040foundation\040models}{chapter.1}% 30
\BOOKMARK [2][-]{subsection.1.4.1}{Self-supervised\040pretraining\040and\040the\040foundation\040model\040paradigm}{section.1.4}% 31
\BOOKMARK [2][-]{subsection.1.4.2}{Genomic\040foundation\040models:\040a\040brief\040landscape}{section.1.4}% 32
\BOOKMARK [2][-]{subsection.1.4.3}{Evo\0401\040and\040Evo\0402}{section.1.4}% 33
\BOOKMARK [2][-]{subsection.1.4.4}{Embedding\040extraction,\040binning,\040and\040normalisation}{section.1.4}% 34
\BOOKMARK [2][-]{subsection.1.4.5}{Autoregressive\040context\040and\040its\040implications}{section.1.4}% 35
\BOOKMARK [0][-]{chapter.2}{Aims\040of\040thesis}{}% 36
\BOOKMARK [0][-]{chapter.3}{Methods}{}% 37
\BOOKMARK [1][-]{section.3.1}{Data}{chapter.3}% 38
\BOOKMARK [2][-]{subsection.3.1.1}{Transcription\040factors}{section.3.1}% 39
\BOOKMARK [2][-]{subsection.3.1.2}{ChIP-seq\040data\040sources}{section.3.1}% 40
\BOOKMARK [2][-]{subsection.3.1.3}{Reproducibility\040and\040seeding}{section.3.1}% 41
\BOOKMARK [1][-]{section.3.2}{Pipeline}{chapter.3}% 42
\BOOKMARK [2][-]{subsection.3.2.1}{Sequence\040extraction}{section.3.2}% 43
\BOOKMARK [2][-]{subsection.3.2.2}{Embedding\040extraction}{section.3.2}% 44
\BOOKMARK [2][-]{subsection.3.2.3}{Computational\040environment}{section.3.2}% 45
\BOOKMARK [1][-]{section.3.3}{Analysis}{chapter.3}% 46
\BOOKMARK [2][-]{subsection.3.3.1}{Global\040mean-pool\040PCA}{section.3.3}% 47
\BOOKMARK [2][-]{subsection.3.3.2}{Positional\040profiles}{section.3.3}% 48
\BOOKMARK [2][-]{subsection.3.3.3}{Reverse-complement\040strand\040diagnostic}{section.3.3}% 49
\BOOKMARK [0][-]{chapter.4}{Results\040and\040discussion}{}% 50
\BOOKMARK [1][-]{section.4.1}{Global\040mean-pool\040embeddings}{chapter.4}% 51
\BOOKMARK [1][-]{section.4.2}{Positional\040structure\040of\040Evo\0402\040embeddings}{chapter.4}% 52
\BOOKMARK [0][-]{chapter*.12}{\376\377\000Z\000\341\000v\001\033\000r}{}% 53
\BOOKMARK [0][-]{chapter*.13}{Bibliography}{}% 54
\BOOKMARK [0][-]{chapter*.14}{Appendix}{}% 55
